  [1m[35m (429.5ms)[0m  [1m[35mCREATE DATABASE "pictionary-backend_development" ENCODING = 'unicode'[0m
  ↳ /Users/randomluck/.rvm/gems/ruby-2.3.3/bin/rake:23
  [1m[35m (389.2ms)[0m  [1m[35mCREATE DATABASE "pictionary-backend_test" ENCODING = 'unicode'[0m
  ↳ /Users/randomluck/.rvm/gems/ruby-2.3.3/bin/rake:23
  [1m[35m (0.5ms)[0m  [1m[35mCREATE DATABASE "pictionary-backend_development" ENCODING = 'unicode'[0m
  ↳ /Users/randomluck/.rvm/gems/ruby-2.3.3/bin/rake:23
  [1m[35m (0.5ms)[0m  [1m[35mCREATE DATABASE "pictionary-backend_test" ENCODING = 'unicode'[0m
  ↳ /Users/randomluck/.rvm/gems/ruby-2.3.3/bin/rake:23
  [1m[35m (0.7ms)[0m  [1m[35mCREATE DATABASE "pictionary-backend_development" ENCODING = 'unicode'[0m
  ↳ /Users/randomluck/.rvm/gems/ruby-2.3.3/bin/rake:23
  [1m[35m (0.4ms)[0m  [1m[35mCREATE DATABASE "pictionary-backend_test" ENCODING = 'unicode'[0m
  ↳ /Users/randomluck/.rvm/gems/ruby-2.3.3/bin/rake:23
  [1m[35m (0.4ms)[0m  [1m[35mCREATE DATABASE "pictionary-backend_development" ENCODING = 'unicode'[0m
  ↳ /Users/randomluck/.rvm/gems/ruby-2.3.3/bin/rake:23
  [1m[35m (0.5ms)[0m  [1m[35mCREATE DATABASE "pictionary-backend_test" ENCODING = 'unicode'[0m
  ↳ /Users/randomluck/.rvm/gems/ruby-2.3.3/bin/rake:23
  [1m[35m (26.5ms)[0m  [1m[35mCREATE TABLE "schema_migrations" ("version" character varying NOT NULL PRIMARY KEY)[0m
  ↳ /Users/randomluck/.rvm/gems/ruby-2.3.3/bin/rake:23
  [1m[35m (6.2ms)[0m  [1m[35mCREATE TABLE "ar_internal_metadata" ("key" character varying NOT NULL PRIMARY KEY, "value" character varying, "created_at" timestamp NOT NULL, "updated_at" timestamp NOT NULL)[0m
  ↳ /Users/randomluck/.rvm/gems/ruby-2.3.3/bin/rake:23
  [1m[35m (2.2ms)[0m  [1m[34mSELECT pg_try_advisory_lock(841640573534668110)[0m
  ↳ /Users/randomluck/.rvm/gems/ruby-2.3.3/bin/rake:23
  [1m[35m (2.2ms)[0m  [1m[34mSELECT "schema_migrations"."version" FROM "schema_migrations" ORDER BY "schema_migrations"."version" ASC[0m
  ↳ /Users/randomluck/.rvm/gems/ruby-2.3.3/bin/rake:23
Migrating to CreateDrawings (20190120234152)
  [1m[35m (0.2ms)[0m  [1m[35mBEGIN[0m
  ↳ /Users/randomluck/.rvm/gems/ruby-2.3.3/bin/rake:23
  [1m[35m (16.2ms)[0m  [1m[35mCREATE TABLE "drawings" ("id" bigserial primary key, "title" character varying, "string" character varying, "created_at" timestamp NOT NULL, "updated_at" timestamp NOT NULL)[0m
  ↳ db/migrate/20190120234152_create_drawings.rb:3
  [1m[36mActiveRecord::SchemaMigration Create (2.3ms)[0m  [1m[32mINSERT INTO "schema_migrations" ("version") VALUES ($1) RETURNING "version"[0m  [["version", "20190120234152"]]
  ↳ /Users/randomluck/.rvm/gems/ruby-2.3.3/bin/rake:23
  [1m[35m (1.2ms)[0m  [1m[35mCOMMIT[0m
  ↳ /Users/randomluck/.rvm/gems/ruby-2.3.3/bin/rake:23
Migrating to CreateUsers (20190120234245)
  [1m[35m (0.3ms)[0m  [1m[35mBEGIN[0m
  ↳ /Users/randomluck/.rvm/gems/ruby-2.3.3/bin/rake:23
  [1m[35m (6.1ms)[0m  [1m[35mCREATE TABLE "users" ("id" bigserial primary key, "name" character varying, "string" character varying, "created_at" timestamp NOT NULL, "updated_at" timestamp NOT NULL)[0m
  ↳ db/migrate/20190120234245_create_users.rb:3
  [1m[36mActiveRecord::SchemaMigration Create (12.9ms)[0m  [1m[32mINSERT INTO "schema_migrations" ("version") VALUES ($1) RETURNING "version"[0m  [["version", "20190120234245"]]
  ↳ /Users/randomluck/.rvm/gems/ruby-2.3.3/bin/rake:23
  [1m[35m (7.1ms)[0m  [1m[35mCOMMIT[0m
  ↳ /Users/randomluck/.rvm/gems/ruby-2.3.3/bin/rake:23
Migrating to CreateBets (20190120234325)
  [1m[35m (0.3ms)[0m  [1m[35mBEGIN[0m
  ↳ /Users/randomluck/.rvm/gems/ruby-2.3.3/bin/rake:23
  [1m[35m (9.0ms)[0m  [1m[35mCREATE TABLE "bets" ("id" bigserial primary key, "bet" character varying, "string" character varying, "created_at" timestamp NOT NULL, "updated_at" timestamp NOT NULL)[0m
  ↳ db/migrate/20190120234325_create_bets.rb:3
  [1m[36mActiveRecord::SchemaMigration Create (0.3ms)[0m  [1m[32mINSERT INTO "schema_migrations" ("version") VALUES ($1) RETURNING "version"[0m  [["version", "20190120234325"]]
  ↳ /Users/randomluck/.rvm/gems/ruby-2.3.3/bin/rake:23
  [1m[35m (1.3ms)[0m  [1m[35mCOMMIT[0m
  ↳ /Users/randomluck/.rvm/gems/ruby-2.3.3/bin/rake:23
  [1m[36mActiveRecord::InternalMetadata Load (0.4ms)[0m  [1m[34mSELECT  "ar_internal_metadata".* FROM "ar_internal_metadata" WHERE "ar_internal_metadata"."key" = $1 LIMIT $2[0m  [["key", "environment"], ["LIMIT", 1]]
  ↳ /Users/randomluck/.rvm/gems/ruby-2.3.3/bin/rake:23
  [1m[35m (0.2ms)[0m  [1m[35mBEGIN[0m
  ↳ /Users/randomluck/.rvm/gems/ruby-2.3.3/bin/rake:23
  [1m[36mActiveRecord::InternalMetadata Create (2.6ms)[0m  [1m[32mINSERT INTO "ar_internal_metadata" ("key", "value", "created_at", "updated_at") VALUES ($1, $2, $3, $4) RETURNING "key"[0m  [["key", "environment"], ["value", "development"], ["created_at", "2019-01-21 00:35:32.941848"], ["updated_at", "2019-01-21 00:35:32.941848"]]
  ↳ /Users/randomluck/.rvm/gems/ruby-2.3.3/bin/rake:23
  [1m[35m (0.7ms)[0m  [1m[35mCOMMIT[0m
  ↳ /Users/randomluck/.rvm/gems/ruby-2.3.3/bin/rake:23
  [1m[35m (0.4ms)[0m  [1m[34mSELECT pg_advisory_unlock(841640573534668110)[0m
  ↳ /Users/randomluck/.rvm/gems/ruby-2.3.3/bin/rake:23
  [1m[35m (0.3ms)[0m  [1m[34mSELECT "schema_migrations"."version" FROM "schema_migrations" ORDER BY "schema_migrations"."version" ASC[0m
  ↳ /Users/randomluck/.rvm/gems/ruby-2.3.3/bin/rake:23
  [1m[35m (0.6ms)[0m  [1m[34mSELECT "schema_migrations"."version" FROM "schema_migrations" ORDER BY "schema_migrations"."version" ASC[0m
  ↳ bin/rails:9
  [1m[35m (0.3ms)[0m  [1m[34mSELECT "ar_internal_metadata"."value" FROM "ar_internal_metadata" WHERE "ar_internal_metadata"."key" = $1[0m  [["key", "environment"]]
  ↳ bin/rails:9
  [1m[35m (0.3ms)[0m  [1m[34mSELECT "schema_migrations"."version" FROM "schema_migrations" ORDER BY "schema_migrations"."version" ASC[0m
  ↳ bin/rails:9
  [1m[35m (0.2ms)[0m  [1m[34mSELECT "ar_internal_metadata"."value" FROM "ar_internal_metadata" WHERE "ar_internal_metadata"."key" = $1[0m  [["key", "environment"]]
  ↳ bin/rails:9
  [1m[35m (0.2ms)[0m  [1m[34mSELECT "schema_migrations"."version" FROM "schema_migrations" ORDER BY "schema_migrations"."version" ASC[0m
  ↳ bin/rails:9
  [1m[35m (0.2ms)[0m  [1m[34mSELECT "ar_internal_metadata"."value" FROM "ar_internal_metadata" WHERE "ar_internal_metadata"."key" = $1[0m  [["key", "environment"]]
  ↳ bin/rails:9
  [1m[35m (153.2ms)[0m  [1m[35mDROP DATABASE IF EXISTS "pictionary-backend_development"[0m
  ↳ bin/rails:9
  [1m[35m (160.6ms)[0m  [1m[35mDROP DATABASE IF EXISTS "pictionary-backend_test"[0m
  ↳ bin/rails:9
  [1m[35m (0.1ms)[0m  [1m[35mDROP DATABASE IF EXISTS "pictionary-backend_development"[0m
  ↳ /Users/randomluck/.rvm/gems/ruby-2.3.3/bin/rake:23
  [1m[35m (0.1ms)[0m  [1m[35mDROP DATABASE IF EXISTS "pictionary-backend_test"[0m
  ↳ /Users/randomluck/.rvm/gems/ruby-2.3.3/bin/rake:23
